<?xml version="1.0" encoding="UTF-8"?>
<!-- Generated by org.testng.reporters.JUnitXMLReporter -->
<testsuite ignored="0" hostname="DESKTOP-AQ6DBTF" failures="0" tests="10" name="Default test" time="22.05" errors="0" timestamp="2025-04-19T21:46:01 IST">
  <testcase classname="com.anushancse.contactsapptesting.apitesting.LogoutUser" name="logout" time="6.498"/>
  <testcase classname="com.anushancse.contactsapptesting.apitesting.AddContact" name="addcontact" time="2.464"/>
  <testcase classname="com.anushancse.contactsapptesting.apitesting.UpdateContact1" name="updateUserBypatch" time="1.407"/>
  <testcase classname="com.anushancse.contactsapptesting.apitesting.AddNewUser" name="PostRequest" time="1.39"/>
  <testcase classname="com.anushancse.contactsapptesting.apitesting.UpdateContact" name="updatingUser" time="3.076"/>
  <testcase classname="com.anushancse.contactsapptesting.apitesting.GetuserProfile" name="GetUserDetails" time="1.51"/>
  <testcase classname="com.anushancse.contactsapptesting.apitesting.LogInUser" name="postlogin" time="1.369"/>
  <testcase classname="com.anushancse.contactsapptesting.apitesting.GetContactList" name="specificUser" time="1.363"/>
  <testcase classname="com.anushancse.contactsapptesting.apitesting.UpdateUser" name="patchRequest" time="1.338"/>
  <testcase classname="com.anushancse.contactsapptesting.apitesting.GetContact" name="getContact" time="1.348"/>
</testsuite> <!-- Default test -->
