<?xml version="1.0" encoding="UTF-8"?>
<testng-results ignored="0" total="1" passed="1" failed="0" skipped="0">
  <reporter-output>
  </reporter-output>
  <suite started-at="2025-04-19T21:05:51 IST" name="Default suite" finished-at="2025-04-19T21:05:56 IST" duration-ms="4920">
    <groups>
    </groups>
    <test started-at="2025-04-19T21:05:51 IST" name="Default test" finished-at="2025-04-19T21:05:56 IST" duration-ms="4920">
      <class name="com.anushancse.contactsapptesting.apitesting.UpdateUser">
        <test-method signature="patchRequest()[pri:0, instance:com.anushancse.contactsapptesting.apitesting.UpdateUser@dd8ba08]" started-at="2025-04-19T21:05:51 IST" name="patchRequest" finished-at="2025-04-19T21:05:56 IST" duration-ms="4846" status="PASS">
          <reporter-output>
          </reporter-output>
        </test-method> <!-- patchRequest -->
      </class> <!-- com.anushancse.contactsapptesting.apitesting.UpdateUser -->
    </test> <!-- Default test -->
  </suite> <!-- Default suite -->
</testng-results>
